<?xml version="1.0" encoding="UTF-8"?>
<testsuite xmlns:xsi="http://www.w3.org/2001/XMLSchema-instance" xsi:noNamespaceSchemaLocation="https://maven.apache.org/surefire/maven-surefire-plugin/xsd/surefire-test-report-3.0.xsd" version="3.0" name="test.SpringProject.SpringProjectApplicationTests" time="5.444" tests="1" errors="0" skipped="0" failures="0">
  <properties>
[...]
</properties>
  <testcase name="contextLoads" classname="test.SpringProject.SpringProjectApplicationTests" time="1.498">
    <system-out><![CDATA[16:33:45.116 [main] INFO org.springframework.test.context.support.AnnotationConfigContextLoaderUtils -- Could not detect default configuration classes for test class [test.SpringProject.SpringProjectApplicationTests]: SpringProjectApplicationTests does not declare any static, non-private, non-final, nested classes annotated with @Configuration.
16:33:45.267 [main] INFO org.springframework.boot.test.context.SpringBootTestContextBootstrapper -- Found @SpringBootConfiguration test.SpringProject.SpringProjectApplication for test class test.SpringProject.SpringProjectApplicationTests
  .   ____          _            __ _ _
 /\\ / ___'_ __ _ _(_)_ __  __ _ \ \ \ \
( ( )\___ | '_ | '_| | '_ \/ _` | \ \ \ \
 \\/  ___)| |_)| | | | | || (_| |  ) ) ) )
  '  |____| .__|_| |_|_| |_\__, | / / / /
 =========|_|==============|___/=/_/_/_/

 :: Spring Boot ::                (v3.3.0)

2024-06-04T16:33:45.820+03:00  INFO 36625 --- [SpringProject] [           main] t.S.SpringProjectApplicationTests        : Starting SpringProjectApplicationTests using Java 17.0.10 with PID 36625 (started by konstantin in /home/konstantin/projects/SpringProject)
2024-06-04T16:33:45.823+03:00  INFO 36625 --- [SpringProject] [           main] t.S.SpringProjectApplicationTests        : No active profile set, falling back to 1 default profile: "default"
2024-06-04T16:33:48.811+03:00  INFO 36625 --- [SpringProject] [           main] t.S.SpringProjectApplicationTests        : Started SpringProjectApplicationTests in 3.36 seconds (process running for 4.663)
]]></system-out>
  </testcase>
</testsuite>